<?xml version="1.0" encoding="UTF-8"?>
<testng-results ignored="0" total="1" passed="1" failed="0" skipped="0">
  <reporter-output>
  </reporter-output>
  <suite started-at="2023-09-18T16:41:42 IST" name="Default suite" finished-at="2023-09-18T16:41:54 IST" duration-ms="12105">
    <groups>
    </groups>
    <test started-at="2023-09-18T16:41:42 IST" name="Default test" finished-at="2023-09-18T16:41:54 IST" duration-ms="12105">
      <class name="emailTask.AutoFillTask">
        <test-method signature="dailyTaskMethod()[pri:0, instance:emailTask.AutoFillTask@5ab956d7]" started-at="2023-09-18T16:41:42 IST" name="dailyTaskMethod" finished-at="2023-09-18T16:41:54 IST" duration-ms="11953" status="PASS">
          <reporter-output>
          </reporter-output>
        </test-method> <!-- dailyTaskMethod -->
        <test-method is-config="true" signature="swipeScreen()[pri:0, instance:emailTask.AutoFillTask@5ab956d7]" started-at="2023-09-18T16:41:54 IST" name="swipeScreen" finished-at="2023-09-18T16:41:54 IST" duration-ms="8" status="FAIL">
          <exception class="java.lang.NullPointerException">
            <full-stacktrace>
              <![CDATA[java.lang.NullPointerException
at com.google.common.base.Preconditions.checkNotNull(Preconditions.java:889)
at io.appium.java_client.TouchAction.<init>(TouchAction.java:61)
at io.appium.java_client.android.AndroidTouchAction.<init>(AndroidTouchAction.java:39)
at emailTask.AutoFillTask.swipeScreen(AutoFillTask.java:62)
at java.base/jdk.internal.reflect.NativeMethodAccessorImpl.invoke0(Native Method)
at java.base/jdk.internal.reflect.NativeMethodAccessorImpl.invoke(NativeMethodAccessorImpl.java:77)
at java.base/jdk.internal.reflect.DelegatingMethodAccessorImpl.invoke(DelegatingMethodAccessorImpl.java:43)
at java.base/java.lang.reflect.Method.invoke(Method.java:568)
at org.testng.internal.invokers.MethodInvocationHelper.invokeMethod(MethodInvocationHelper.java:139)
at org.testng.internal.invokers.MethodInvocationHelper.invokeMethodConsideringTimeout(MethodInvocationHelper.java:69)
at org.testng.internal.invokers.ConfigInvoker.invokeConfigurationMethod(ConfigInvoker.java:390)
at org.testng.internal.invokers.ConfigInvoker.invokeConfigurations(ConfigInvoker.java:325)
at org.testng.internal.invokers.TestMethodWorker.invokeAfterClassConfigurations(TestMethodWorker.java:229)
at org.testng.internal.invokers.TestMethodWorker.invokeAfterClassMethods(TestMethodWorker.java:215)
at org.testng.internal.invokers.TestMethodWorker.run(TestMethodWorker.java:131)
at java.base/java.util.ArrayList.forEach(ArrayList.java:1511)
at org.testng.TestRunner.privateRun(TestRunner.java:848)
at org.testng.TestRunner.run(TestRunner.java:621)
at org.testng.SuiteRunner.runTest(SuiteRunner.java:443)
at org.testng.SuiteRunner.runSequentially(SuiteRunner.java:437)
at org.testng.SuiteRunner.privateRun(SuiteRunner.java:397)
at org.testng.SuiteRunner.run(SuiteRunner.java:336)
at org.testng.SuiteRunnerWorker.runSuite(SuiteRunnerWorker.java:52)
at org.testng.SuiteRunnerWorker.run(SuiteRunnerWorker.java:95)
at org.testng.TestNG.runSuitesSequentially(TestNG.java:1280)
at org.testng.TestNG.runSuitesLocally(TestNG.java:1200)
at org.testng.TestNG.runSuites(TestNG.java:1114)
at org.testng.TestNG.run(TestNG.java:1082)
at org.testng.remote.AbstractRemoteTestNG.run(AbstractRemoteTestNG.java:115)
at org.testng.remote.RemoteTestNG.initAndRun(RemoteTestNG.java:251)
at org.testng.remote.RemoteTestNG.main(RemoteTestNG.java:77)
]]>
            </full-stacktrace>
          </exception> <!-- java.lang.NullPointerException -->
          <reporter-output>
          </reporter-output>
        </test-method> <!-- swipeScreen -->
      </class> <!-- emailTask.AutoFillTask -->
    </test> <!-- Default test -->
  </suite> <!-- Default suite -->
</testng-results>
